[2024-10-25 14:21:24.275] [jointLog] [info] setting maxHashResizeThreads to 8
[2024-10-25 14:21:24.275] [jointLog] [info] Fragment incompatibility prior below threshold.  Incompatible fragments will be ignored.
[2024-10-25 14:21:24.275] [jointLog] [info] Usage of --validateMappings implies use of minScoreFraction. Since not explicitly specified, it is being set to 0.65
[2024-10-25 14:21:24.275] [jointLog] [info] Setting consensusSlack to selective-alignment default of 0.35.
[2024-10-25 14:21:24.275] [jointLog] [info] parsing read library format
[2024-10-25 14:21:24.275] [jointLog] [info] There is 1 library.
[2024-10-25 14:21:24.276] [jointLog] [info] Loading pufferfish index
[2024-10-25 14:21:24.276] [jointLog] [info] Loading dense pufferfish index.
[2024-10-25 14:21:27.392] [jointLog] [info] done
[2024-10-25 14:21:27.510] [jointLog] [info] Index contained 384,354 targets
[2024-10-25 14:21:27.709] [jointLog] [info] Number of decoys : 0
[2024-10-25 14:21:28.771] [jointLog] [info] Automatically detected most likely library type as IU

[2024-10-25 14:37:20.844] [jointLog] [info] Computed 649,630 rich equivalence classes for further processing
[2024-10-25 14:37:20.844] [jointLog] [info] Counted 36,709,982 total reads in the equivalence classes 
[2024-10-25 14:37:20.852] [jointLog] [info] Number of mappings discarded because of alignment score : 70,127,134
[2024-10-25 14:37:20.852] [jointLog] [info] Number of fragments entirely discarded because of alignment score : 4,340,434
[2024-10-25 14:37:20.852] [jointLog] [info] Number of fragments discarded because they are best-mapped to decoys : 0
[2024-10-25 14:37:20.852] [jointLog] [info] Number of fragments discarded because they have only dovetail (discordant) mappings to valid targets : 985,732
[2024-10-25 14:37:20.852] [jointLog] [info] Mapping rate = 80.1013%

[2024-10-25 14:37:20.852] [jointLog] [info] finished quantifyLibrary()
[2024-10-25 14:37:20.852] [jointLog] [info] Starting optimizer
[2024-10-25 14:37:20.844] [fileLog] [info] 
At end of round 0
==================
Observed 45829469 total fragments (45829469 in most recent round)

[2024-10-25 14:37:21.188] [jointLog] [info] Marked 0 weighted equivalence classes as degenerate
[2024-10-25 14:37:21.242] [jointLog] [info] iteration = 0 | max rel diff. = 2533.66
[2024-10-25 14:37:26.582] [jointLog] [info] iteration = 100 | max rel diff. = 13.8327
[2024-10-25 14:37:31.948] [jointLog] [info] iteration = 200 | max rel diff. = 20.2167
[2024-10-25 14:37:37.380] [jointLog] [info] iteration = 300 | max rel diff. = 9.48927
[2024-10-25 14:37:42.599] [jointLog] [info] iteration = 400 | max rel diff. = 0.478756
[2024-10-25 14:37:47.879] [jointLog] [info] iteration = 500 | max rel diff. = 2.13561
[2024-10-25 14:37:53.216] [jointLog] [info] iteration = 600 | max rel diff. = 0.400007
[2024-10-25 14:37:58.506] [jointLog] [info] iteration = 700 | max rel diff. = 0.171745
[2024-10-25 14:38:03.746] [jointLog] [info] iteration = 800 | max rel diff. = 1.01948
[2024-10-25 14:38:08.957] [jointLog] [info] iteration = 900 | max rel diff. = 0.0944858
[2024-10-25 14:38:14.166] [jointLog] [info] iteration = 1,000 | max rel diff. = 0.0410077
[2024-10-25 14:38:19.403] [jointLog] [info] iteration = 1,100 | max rel diff. = 0.259132
[2024-10-25 14:38:19.944] [jointLog] [info] iteration = 1,111 | max rel diff. = 0.00953371
[2024-10-25 14:38:19.976] [jointLog] [info] Finished optimizer
[2024-10-25 14:38:19.976] [jointLog] [info] writing output 

