[2024-10-25 17:30:44.705] [jointLog] [info] setting maxHashResizeThreads to 8
[2024-10-25 17:30:44.705] [jointLog] [info] Fragment incompatibility prior below threshold.  Incompatible fragments will be ignored.
[2024-10-25 17:30:44.705] [jointLog] [info] Usage of --validateMappings implies use of minScoreFraction. Since not explicitly specified, it is being set to 0.65
[2024-10-25 17:30:44.705] [jointLog] [info] Setting consensusSlack to selective-alignment default of 0.35.
[2024-10-25 17:30:44.705] [jointLog] [info] parsing read library format
[2024-10-25 17:30:44.705] [jointLog] [info] There is 1 library.
[2024-10-25 17:30:44.705] [jointLog] [info] Loading pufferfish index
[2024-10-25 17:30:44.705] [jointLog] [info] Loading dense pufferfish index.
[2024-10-25 17:30:47.482] [jointLog] [info] done
[2024-10-25 17:30:47.584] [jointLog] [info] Index contained 384,354 targets
[2024-10-25 17:30:47.763] [jointLog] [info] Number of decoys : 0
[2024-10-25 17:30:48.724] [jointLog] [info] Automatically detected most likely library type as IU

[2024-10-25 17:43:45.209] [jointLog] [info] Computed 485,388 rich equivalence classes for further processing
[2024-10-25 17:43:45.209] [jointLog] [info] Counted 30,180,480 total reads in the equivalence classes 
[2024-10-25 17:43:45.216] [jointLog] [info] Number of mappings discarded because of alignment score : 59,114,984
[2024-10-25 17:43:45.216] [jointLog] [info] Number of fragments entirely discarded because of alignment score : 4,146,601
[2024-10-25 17:43:45.216] [jointLog] [info] Number of fragments discarded because they are best-mapped to decoys : 0
[2024-10-25 17:43:45.216] [jointLog] [info] Number of fragments discarded because they have only dovetail (discordant) mappings to valid targets : 1,578,892
[2024-10-25 17:43:45.216] [jointLog] [info] Mapping rate = 77.7612%

[2024-10-25 17:43:45.216] [jointLog] [info] finished quantifyLibrary()
[2024-10-25 17:43:45.216] [jointLog] [info] Starting optimizer
[2024-10-25 17:43:45.539] [jointLog] [info] Marked 0 weighted equivalence classes as degenerate
[2024-10-25 17:43:45.210] [fileLog] [info] 
At end of round 0
==================
Observed 38811725 total fragments (38811725 in most recent round)

[2024-10-25 17:43:45.588] [jointLog] [info] iteration = 0 | max rel diff. = 3111.55
[2024-10-25 17:43:50.721] [jointLog] [info] iteration = 100 | max rel diff. = 20.0428
[2024-10-25 17:43:55.968] [jointLog] [info] iteration = 200 | max rel diff. = 7.26776
[2024-10-25 17:44:01.188] [jointLog] [info] iteration = 300 | max rel diff. = 8.69047
[2024-10-25 17:44:06.392] [jointLog] [info] iteration = 400 | max rel diff. = 9.37031
[2024-10-25 17:44:11.616] [jointLog] [info] iteration = 500 | max rel diff. = 1.26498
[2024-10-25 17:44:16.793] [jointLog] [info] iteration = 600 | max rel diff. = 0.592575
[2024-10-25 17:44:22.052] [jointLog] [info] iteration = 700 | max rel diff. = 0.261586
[2024-10-25 17:44:27.247] [jointLog] [info] iteration = 800 | max rel diff. = 0.123211
[2024-10-25 17:44:32.482] [jointLog] [info] iteration = 900 | max rel diff. = 0.0407381
[2024-10-25 17:44:37.658] [jointLog] [info] iteration = 1,000 | max rel diff. = 0.888179
[2024-10-25 17:44:42.831] [jointLog] [info] iteration = 1,100 | max rel diff. = 1.50592
[2024-10-25 17:44:48.025] [jointLog] [info] iteration = 1,200 | max rel diff. = 0.0843078
[2024-10-25 17:44:53.233] [jointLog] [info] iteration = 1,300 | max rel diff. = 2.76565
[2024-10-25 17:44:58.409] [jointLog] [info] iteration = 1,400 | max rel diff. = 0.0155537
[2024-10-25 17:45:03.602] [jointLog] [info] iteration = 1,500 | max rel diff. = 0.0750199
[2024-10-25 17:45:08.787] [jointLog] [info] iteration = 1,600 | max rel diff. = 0.0523862
[2024-10-25 17:45:13.982] [jointLog] [info] iteration = 1,700 | max rel diff. = 0.236437
[2024-10-25 17:45:15.964] [jointLog] [info] iteration = 1,739 | max rel diff. = 0.00566953
[2024-10-25 17:45:16.001] [jointLog] [info] Finished optimizer
[2024-10-25 17:45:16.001] [jointLog] [info] writing output 

