[2024-10-25 16:15:42.078] [jointLog] [info] setting maxHashResizeThreads to 8
[2024-10-25 16:15:42.078] [jointLog] [info] Fragment incompatibility prior below threshold.  Incompatible fragments will be ignored.
[2024-10-25 16:15:42.078] [jointLog] [info] Usage of --validateMappings implies use of minScoreFraction. Since not explicitly specified, it is being set to 0.65
[2024-10-25 16:15:42.078] [jointLog] [info] Setting consensusSlack to selective-alignment default of 0.35.
[2024-10-25 16:15:42.078] [jointLog] [info] parsing read library format
[2024-10-25 16:15:42.078] [jointLog] [info] There is 1 library.
[2024-10-25 16:15:42.079] [jointLog] [info] Loading pufferfish index
[2024-10-25 16:15:42.079] [jointLog] [info] Loading dense pufferfish index.
[2024-10-25 16:15:44.836] [jointLog] [info] done
[2024-10-25 16:15:44.944] [jointLog] [info] Index contained 384,354 targets
[2024-10-25 16:15:45.115] [jointLog] [info] Number of decoys : 0
[2024-10-25 16:15:46.215] [jointLog] [info] Automatically detected most likely library type as IU

[2024-10-25 16:29:02.562] [jointLog] [info] Computed 627,485 rich equivalence classes for further processing
[2024-10-25 16:29:02.562] [jointLog] [info] Counted 29,618,076 total reads in the equivalence classes 
[2024-10-25 16:29:02.568] [jointLog] [info] Number of mappings discarded because of alignment score : 59,331,275
[2024-10-25 16:29:02.568] [jointLog] [info] Number of fragments entirely discarded because of alignment score : 4,201,716
[2024-10-25 16:29:02.568] [jointLog] [info] Number of fragments discarded because they are best-mapped to decoys : 0
[2024-10-25 16:29:02.568] [jointLog] [info] Number of fragments discarded because they have only dovetail (discordant) mappings to valid targets : 1,283,765
[2024-10-25 16:29:02.568] [jointLog] [info] Mapping rate = 76.5937%

[2024-10-25 16:29:02.568] [jointLog] [info] finished quantifyLibrary()
[2024-10-25 16:29:02.569] [jointLog] [info] Starting optimizer
[2024-10-25 16:29:02.912] [jointLog] [info] Marked 0 weighted equivalence classes as degenerate
[2024-10-25 16:29:02.562] [fileLog] [info] 
At end of round 0
==================
Observed 38669055 total fragments (38669055 in most recent round)

[2024-10-25 16:29:02.966] [jointLog] [info] iteration = 0 | max rel diff. = 3134.03
[2024-10-25 16:29:08.249] [jointLog] [info] iteration = 100 | max rel diff. = 20.9288
[2024-10-25 16:29:13.518] [jointLog] [info] iteration = 200 | max rel diff. = 6.05599
[2024-10-25 16:29:18.758] [jointLog] [info] iteration = 300 | max rel diff. = 1.79835
[2024-10-25 16:29:24.044] [jointLog] [info] iteration = 400 | max rel diff. = 14.4833
[2024-10-25 16:29:29.256] [jointLog] [info] iteration = 500 | max rel diff. = 1.60764
[2024-10-25 16:29:34.492] [jointLog] [info] iteration = 600 | max rel diff. = 8.13896
[2024-10-25 16:29:39.690] [jointLog] [info] iteration = 700 | max rel diff. = 0.833429
[2024-10-25 16:29:45.018] [jointLog] [info] iteration = 800 | max rel diff. = 0.820449
[2024-10-25 16:29:50.218] [jointLog] [info] iteration = 900 | max rel diff. = 0.801283
[2024-10-25 16:29:55.496] [jointLog] [info] iteration = 1,000 | max rel diff. = 0.192899
[2024-10-25 16:30:00.709] [jointLog] [info] iteration = 1,100 | max rel diff. = 0.03334
[2024-10-25 16:30:05.944] [jointLog] [info] iteration = 1,200 | max rel diff. = 2.05145
[2024-10-25 16:30:11.225] [jointLog] [info] iteration = 1,300 | max rel diff. = 0.118151
[2024-10-25 16:30:16.499] [jointLog] [info] iteration = 1,400 | max rel diff. = 0.40402
[2024-10-25 16:30:21.704] [jointLog] [info] iteration = 1,500 | max rel diff. = 0.0181411
[2024-10-25 16:30:26.949] [jointLog] [info] iteration = 1,600 | max rel diff. = 0.55056
[2024-10-25 16:30:32.181] [jointLog] [info] iteration = 1,700 | max rel diff. = 0.650801
[2024-10-25 16:30:37.498] [jointLog] [info] iteration = 1,800 | max rel diff. = 0.0715266
[2024-10-25 16:30:42.721] [jointLog] [info] iteration = 1,900 | max rel diff. = 0.0791391
[2024-10-25 16:30:46.911] [jointLog] [info] iteration = 1,981 | max rel diff. = 0.00924296
[2024-10-25 16:30:46.943] [jointLog] [info] Finished optimizer
[2024-10-25 16:30:46.943] [jointLog] [info] writing output 

