[2024-10-25 15:32:44.929] [jointLog] [info] setting maxHashResizeThreads to 8
[2024-10-25 15:32:44.929] [jointLog] [info] Fragment incompatibility prior below threshold.  Incompatible fragments will be ignored.
[2024-10-25 15:32:44.929] [jointLog] [info] Usage of --validateMappings implies use of minScoreFraction. Since not explicitly specified, it is being set to 0.65
[2024-10-25 15:32:44.929] [jointLog] [info] Setting consensusSlack to selective-alignment default of 0.35.
[2024-10-25 15:32:44.929] [jointLog] [info] parsing read library format
[2024-10-25 15:32:44.929] [jointLog] [info] There is 1 library.
[2024-10-25 15:32:44.929] [jointLog] [info] Loading pufferfish index
[2024-10-25 15:32:44.929] [jointLog] [info] Loading dense pufferfish index.
[2024-10-25 15:32:48.085] [jointLog] [info] done
[2024-10-25 15:32:48.206] [jointLog] [info] Index contained 384,354 targets
[2024-10-25 15:32:48.414] [jointLog] [info] Number of decoys : 0
[2024-10-25 15:32:49.469] [jointLog] [info] Automatically detected most likely library type as IU

[2024-10-25 15:43:59.880] [jointLog] [info] Computed 565,499 rich equivalence classes for further processing
[2024-10-25 15:43:59.880] [jointLog] [info] Counted 31,392,990 total reads in the equivalence classes 
[2024-10-25 15:43:59.888] [jointLog] [info] Number of mappings discarded because of alignment score : 43,463,990
[2024-10-25 15:43:59.888] [jointLog] [info] Number of fragments entirely discarded because of alignment score : 2,656,577
[2024-10-25 15:43:59.888] [jointLog] [info] Number of fragments discarded because they are best-mapped to decoys : 0
[2024-10-25 15:43:59.888] [jointLog] [info] Number of fragments discarded because they have only dovetail (discordant) mappings to valid targets : 382,243
[2024-10-25 15:43:59.888] [jointLog] [info] Mapping rate = 85.5859%

[2024-10-25 15:43:59.888] [jointLog] [info] finished quantifyLibrary()
[2024-10-25 15:43:59.888] [jointLog] [info] Starting optimizer
[2024-10-25 15:43:59.881] [fileLog] [info] 
At end of round 0
==================
Observed 36680098 total fragments (36680098 in most recent round)

[2024-10-25 15:44:00.224] [jointLog] [info] Marked 0 weighted equivalence classes as degenerate
[2024-10-25 15:44:00.274] [jointLog] [info] iteration = 0 | max rel diff. = 3030.01
[2024-10-25 15:44:05.154] [jointLog] [info] iteration = 100 | max rel diff. = 16.2086
[2024-10-25 15:44:09.972] [jointLog] [info] iteration = 200 | max rel diff. = 6.53412
[2024-10-25 15:44:14.827] [jointLog] [info] iteration = 300 | max rel diff. = 0.788796
[2024-10-25 15:44:19.650] [jointLog] [info] iteration = 400 | max rel diff. = 2.76762
[2024-10-25 15:44:24.451] [jointLog] [info] iteration = 500 | max rel diff. = 0.634426
[2024-10-25 15:44:29.275] [jointLog] [info] iteration = 600 | max rel diff. = 0.714096
[2024-10-25 15:44:34.082] [jointLog] [info] iteration = 700 | max rel diff. = 0.302235
[2024-10-25 15:44:38.928] [jointLog] [info] iteration = 800 | max rel diff. = 0.793937
[2024-10-25 15:44:43.814] [jointLog] [info] iteration = 900 | max rel diff. = 0.161092
[2024-10-25 15:44:48.704] [jointLog] [info] iteration = 1,000 | max rel diff. = 0.0172444
[2024-10-25 15:44:53.510] [jointLog] [info] iteration = 1,100 | max rel diff. = 0.694669
[2024-10-25 15:44:58.375] [jointLog] [info] iteration = 1,200 | max rel diff. = 0.66396
[2024-10-25 15:45:03.190] [jointLog] [info] iteration = 1,300 | max rel diff. = 0.498426
[2024-10-25 15:45:03.333] [jointLog] [info] iteration = 1,304 | max rel diff. = 0.00615637
[2024-10-25 15:45:03.367] [jointLog] [info] Finished optimizer
[2024-10-25 15:45:03.367] [jointLog] [info] writing output 

