[2024-10-25 14:57:59.245] [jointLog] [info] setting maxHashResizeThreads to 8
[2024-10-25 14:57:59.245] [jointLog] [info] Fragment incompatibility prior below threshold.  Incompatible fragments will be ignored.
[2024-10-25 14:57:59.245] [jointLog] [info] Usage of --validateMappings implies use of minScoreFraction. Since not explicitly specified, it is being set to 0.65
[2024-10-25 14:57:59.245] [jointLog] [info] Setting consensusSlack to selective-alignment default of 0.35.
[2024-10-25 14:57:59.245] [jointLog] [info] parsing read library format
[2024-10-25 14:57:59.245] [jointLog] [info] There is 1 library.
[2024-10-25 14:57:59.245] [jointLog] [info] Loading pufferfish index
[2024-10-25 14:57:59.245] [jointLog] [info] Loading dense pufferfish index.
[2024-10-25 14:58:02.366] [jointLog] [info] done
[2024-10-25 14:58:02.486] [jointLog] [info] Index contained 384,354 targets
[2024-10-25 14:58:02.685] [jointLog] [info] Number of decoys : 0
[2024-10-25 14:58:03.751] [jointLog] [info] Automatically detected most likely library type as IU

[2024-10-25 15:12:47.428] [fileLog] [info] 
At end of round 0
==================
Observed 49633631 total fragments (49633631 in most recent round)

[2024-10-25 15:12:47.427] [jointLog] [info] Computed 705,039 rich equivalence classes for further processing
[2024-10-25 15:12:47.427] [jointLog] [info] Counted 42,270,519 total reads in the equivalence classes 
[2024-10-25 15:12:47.434] [jointLog] [info] Number of mappings discarded because of alignment score : 60,038,550
[2024-10-25 15:12:47.434] [jointLog] [info] Number of fragments entirely discarded because of alignment score : 3,839,517
[2024-10-25 15:12:47.434] [jointLog] [info] Number of fragments discarded because they are best-mapped to decoys : 0
[2024-10-25 15:12:47.434] [jointLog] [info] Number of fragments discarded because they have only dovetail (discordant) mappings to valid targets : 1,176,539
[2024-10-25 15:12:47.434] [jointLog] [info] Mapping rate = 85.1651%

[2024-10-25 15:12:47.434] [jointLog] [info] finished quantifyLibrary()
[2024-10-25 15:12:47.435] [jointLog] [info] Starting optimizer
[2024-10-25 15:12:47.783] [jointLog] [info] Marked 0 weighted equivalence classes as degenerate
[2024-10-25 15:12:47.840] [jointLog] [info] iteration = 0 | max rel diff. = 1697.21
[2024-10-25 15:12:53.289] [jointLog] [info] iteration = 100 | max rel diff. = 20.1974
[2024-10-25 15:12:58.720] [jointLog] [info] iteration = 200 | max rel diff. = 16.6742
[2024-10-25 15:13:04.183] [jointLog] [info] iteration = 300 | max rel diff. = 15.4331
[2024-10-25 15:13:09.646] [jointLog] [info] iteration = 400 | max rel diff. = 0.572694
[2024-10-25 15:13:15.049] [jointLog] [info] iteration = 500 | max rel diff. = 0.883467
[2024-10-25 15:13:20.561] [jointLog] [info] iteration = 600 | max rel diff. = 0.77058
[2024-10-25 15:13:26.008] [jointLog] [info] iteration = 700 | max rel diff. = 0.21629
[2024-10-25 15:13:31.460] [jointLog] [info] iteration = 800 | max rel diff. = 4.47717
[2024-10-25 15:13:36.924] [jointLog] [info] iteration = 900 | max rel diff. = 0.0887939
[2024-10-25 15:13:42.335] [jointLog] [info] iteration = 1,000 | max rel diff. = 0.0120157
[2024-10-25 15:13:47.975] [jointLog] [info] iteration = 1,100 | max rel diff. = 0.0748964
[2024-10-25 15:13:53.533] [jointLog] [info] iteration = 1,200 | max rel diff. = 0.0334516
[2024-10-25 15:13:58.932] [jointLog] [info] iteration = 1,300 | max rel diff. = 0.148796
[2024-10-25 15:14:03.193] [jointLog] [info] iteration = 1,380 | max rel diff. = 0.00672873
[2024-10-25 15:14:03.225] [jointLog] [info] Finished optimizer
[2024-10-25 15:14:03.225] [jointLog] [info] writing output 

